<?xml version="1.0" encoding="UTF-8"?>
<!-- Generated by org.testng.reporters.JUnitXMLReporter -->
<testsuite ignored="0" hostname="DESKTOP-H0PI4DT" failures="2" tests="6" name="Test" time="22.909" errors="0" timestamp="2022-12-06T13:24:24 IST">
  <testcase classname="tests.LoginTest" name="verifyLogin" time="11.356"/>
  <testcase classname="tests.LoginTest" name="verifyLogout" time="0.003">
    <failure type="java.lang.AssertionError" message="expected [true] but found [false]">
      <![CDATA[java.lang.AssertionError: expected [true] but found [false]
at tests.LoginTest.verifyLogout(LoginTest.java:32)
at java.base/java.util.ArrayList.forEach(ArrayList.java:1511)
... Removed 31 stack frames]]>
    </failure>
  </testcase> <!-- verifyLogout -->
  <testcase classname="tests.NOPComAddCustomer" name="verifyAddCust" time="0.003"/>
  <testcase classname="tests.NOPComAddCustomer" name="verifyLogin" time="0.005"/>
  <testcase classname="tests.NOPComAddCustomer" name="verifyLogout" time="0.007"/>
  <testcase classname="tests.NOPComAddCustomer" name="verifySearchCust" time="0.003">
    <failure type="java.lang.AssertionError" message="expected [true] but found [false]">
      <![CDATA[java.lang.AssertionError: expected [true] but found [false]
at tests.NOPComAddCustomer.verifySearchCust(NOPComAddCustomer.java:32)
at java.base/java.util.ArrayList.forEach(ArrayList.java:1511)
... Removed 31 stack frames]]>
    </failure>
  </testcase> <!-- verifySearchCust -->
</testsuite> <!-- Test -->
