<?xml version="1.0" encoding="UTF-8"?>
<testng-results skipped="0" failed="0" ignored="0" total="4" passed="4">
  <reporter-output>
  </reporter-output>
  <suite name="Suite" duration-ms="66118" started-at="2022-12-11T21:31:42 PST" finished-at="2022-12-11T21:32:48 PST">
    <groups>
    </groups>
    <test name="Test" duration-ms="66118" started-at="2022-12-11T21:31:42 PST" finished-at="2022-12-11T21:32:48 PST">
      <class name="ddtNopCom.NOPCommLoginTest">
        <test-method status="PASS" signature="launchApp()[pri:0, instance:ddtNopCom.NOPCommLoginTest@52525845]" name="launchApp" is-config="true" duration-ms="5167" started-at="2022-12-11T21:31:42 PST" finished-at="2022-12-11T21:31:47 PST">
          <reporter-output>
          </reporter-output>
        </test-method> <!-- launchApp -->
        <test-method status="PASS" signature="verifyLoginWithInValidUser(java.lang.String,java.lang.String)[pri:0, instance:ddtNopCom.NOPCommLoginTest@52525845]" name="verifyLoginWithInValidUser" duration-ms="10423" started-at="2022-12-11T21:31:47 PST" data-provider="regressionData" finished-at="2022-12-11T21:31:58 PST">
          <params>
            <param index="0">
              <value>
                <![CDATA[abiramiRegsssion@google.com]]>
              </value>
            </param>
            <param index="1">
              <value>
                <![CDATA[demo@123]]>
              </value>
            </param>
          </params>
          <reporter-output>
          </reporter-output>
        </test-method> <!-- verifyLoginWithInValidUser -->
        <test-method status="PASS" signature="verifyLoginWithInValidUser(java.lang.String,java.lang.String)[pri:0, instance:ddtNopCom.NOPCommLoginTest@52525845]" name="verifyLoginWithInValidUser" duration-ms="9706" started-at="2022-12-11T21:31:58 PST" data-provider="regressionData" finished-at="2022-12-11T21:32:07 PST">
          <params>
            <param index="0">
              <value>
                <![CDATA[KritikaRegsssion@yahoo.com]]>
              </value>
            </param>
            <param index="1">
              <value>
                <![CDATA[password]]>
              </value>
            </param>
          </params>
          <reporter-output>
          </reporter-output>
        </test-method> <!-- verifyLoginWithInValidUser -->
        <test-method status="PASS" signature="verifyLoginWithInValidUser(java.lang.String,java.lang.String)[pri:0, instance:ddtNopCom.NOPCommLoginTest@52525845]" name="verifyLoginWithInValidUser" duration-ms="9717" started-at="2022-12-11T21:32:07 PST" data-provider="regressionData" finished-at="2022-12-11T21:32:17 PST">
          <params>
            <param index="0">
              <value>
                <![CDATA[PriyankaRegsssion@gmail.com]]>
              </value>
            </param>
            <param index="1">
              <value>
                <![CDATA[password]]>
              </value>
            </param>
          </params>
          <reporter-output>
          </reporter-output>
        </test-method> <!-- verifyLoginWithInValidUser -->
        <test-method status="PASS" signature="verifyLoginWithInValidUser(java.lang.String,java.lang.String)[pri:0, instance:ddtNopCom.NOPCommLoginTest@52525845]" name="verifyLoginWithInValidUser" duration-ms="9763" started-at="2022-12-11T21:32:17 PST" data-provider="regressionData" finished-at="2022-12-11T21:32:27 PST">
          <params>
            <param index="0">
              <value>
                <![CDATA[sidRegsssion@gmail.com]]>
              </value>
            </param>
            <param index="1">
              <value>
                <![CDATA[password]]>
              </value>
            </param>
          </params>
          <reporter-output>
          </reporter-output>
        </test-method> <!-- verifyLoginWithInValidUser -->
        <test-method status="PASS" signature="closeApp()[pri:0, instance:ddtNopCom.NOPCommLoginTest@52525845]" name="closeApp" is-config="true" duration-ms="21292" started-at="2022-12-11T21:32:27 PST" finished-at="2022-12-11T21:32:48 PST">
          <reporter-output>
          </reporter-output>
        </test-method> <!-- closeApp -->
      </class> <!-- ddtNopCom.NOPCommLoginTest -->
    </test> <!-- Test -->
  </suite> <!-- Suite -->
</testng-results>
